22:32:54 Worker 38a53266538e458b8083f43cd46a6922: started with PID 34904, version 2.7.0
22:32:54 Worker 38a53266538e458b8083f43cd46a6922: subscribing to channel rq:pubsub:38a53266538e458b8083f43cd46a6922
22:32:54 *** Listening on default...
22:32:54 Worker 38a53266538e458b8083f43cd46a6922: cleaning registries for queue: default
22:34:02 default: workers.jobs.flex_sync_job('5800d4ba-84f1-453b-9238-101462eaf139') (4fb4e7b0-2af3-4062-bbec-9d6631708206)
/Users/mc/Library/Python/3.9/lib/python/site-packages/urllib3/__init__.py:35: NotOpenSSLWarning: urllib3 v2 only supports OpenSSL 1.1.1+, currently the 'ssl' module is compiled with 'LibreSSL 2.8.3'. See: https://github.com/urllib3/urllib3/issues/3020
  warnings.warn(
📥 解析 XML: /Users/mc/kimicode/ib_dashboard/uploads/flex_sync_20260410_223405_5800d4ba.xml
   发现 5 个 FlexStatement
🔍 扫描 Schema...
   发现 26 种节点类型
🗄️  初始化 PostgreSQL 表...
📝 导入所有节点数据...

✅ 导入完成
   核心 daily_nav: 5 条
     archive_conversion_rate: 195 条
     archive_mtm_performance_summary_underlying: 167 条
     archive_open_position: 151 条
     archive_security_info: 151 条
     archive_prior_period_position: 116 条
     archive_net_stock_position: 110 条
     archive_statement_of_funds_line: 26 条
     archive_cash_report_currency: 25 条
     archive_change_in_position_value: 25 条
     archive_open_dividend_accrual: 25 条
     archive_interest_accruals_currency: 20 条
     archive_trade: 15 条
     archive_unbundled_commission_detail: 13 条
     archive_tier_interest_detail: 12 条
     archive_slb_activity: 12 条
22:34:05 Successfully completed workers.jobs.flex_sync_job('5800d4ba-84f1-453b-9238-101462eaf139') job in 0:00:03.176472s on worker 38a53266538e458b8083f43cd46a6922
22:34:05 default: Job OK (4fb4e7b0-2af3-4062-bbec-9d6631708206)
22:34:05 Result is kept for 500 seconds
22:47:35 Worker 38a53266538e458b8083f43cd46a6922: cleaning registries for queue: default
22:49:58 default: workers.jobs.flex_sync_job('5800d4ba-84f1-453b-9238-101462eaf139') (30f7e935-ec0e-4bc0-a27e-4cc4adbabcd6)
/Users/mc/Library/Python/3.9/lib/python/site-packages/urllib3/__init__.py:35: NotOpenSSLWarning: urllib3 v2 only supports OpenSSL 1.1.1+, currently the 'ssl' module is compiled with 'LibreSSL 2.8.3'. See: https://github.com/urllib3/urllib3/issues/3020
  warnings.warn(
📥 解析 XML: /Users/mc/kimicode/ib_dashboard/uploads/flex_sync_20260410_225121_5800d4ba.xml
   发现 5 个 FlexStatement
🔍 扫描 Schema...
   发现 26 种节点类型
🗄️  初始化 PostgreSQL 表...
📝 导入所有节点数据...

✅ 导入完成
   核心 daily_nav: 5 条
     archive_conversion_rate: 195 条
     archive_mtm_performance_summary_underlying: 167 条
     archive_open_position: 151 条
     archive_security_info: 151 条
     archive_prior_period_position: 116 条
     archive_net_stock_position: 110 条
     archive_statement_of_funds_line: 26 条
     archive_cash_report_currency: 25 条
     archive_change_in_position_value: 25 条
     archive_open_dividend_accrual: 25 条
     archive_interest_accruals_currency: 20 条
     archive_trade: 15 条
     archive_unbundled_commission_detail: 13 条
     archive_tier_interest_detail: 12 条
     archive_slb_activity: 12 条
22:51:22 Successfully completed workers.jobs.flex_sync_job('5800d4ba-84f1-453b-9238-101462eaf139') job in 0:01:23.516611s on worker 38a53266538e458b8083f43cd46a6922
22:51:22 default: Job OK (30f7e935-ec0e-4bc0-a27e-4cc4adbabcd6)
22:51:22 Result is kept for 500 seconds
22:54:01 default: workers.jobs.flex_sync_job('5800d4ba-84f1-453b-9238-101462eaf139') (b787463b-cb40-4a3c-9458-384c65893584)
/Users/mc/Library/Python/3.9/lib/python/site-packages/urllib3/__init__.py:35: NotOpenSSLWarning: urllib3 v2 only supports OpenSSL 1.1.1+, currently the 'ssl' module is compiled with 'LibreSSL 2.8.3'. See: https://github.com/urllib3/urllib3/issues/3020
  warnings.warn(
📥 解析 XML: /Users/mc/kimicode/ib_dashboard/uploads/flex_sync_20260410_225404_5800d4ba.xml
   发现 5 个 FlexStatement
🔍 扫描 Schema...
   发现 26 种节点类型
🗄️  初始化 PostgreSQL 表...
📝 导入所有节点数据...

✅ 导入完成
   核心 daily_nav: 5 条
     archive_conversion_rate: 195 条
     archive_mtm_performance_summary_underlying: 167 条
     archive_open_position: 151 条
     archive_security_info: 151 条
     archive_prior_period_position: 116 条
     archive_net_stock_position: 110 条
     archive_statement_of_funds_line: 26 条
     archive_cash_report_currency: 25 条
     archive_change_in_position_value: 25 条
     archive_open_dividend_accrual: 25 条
     archive_interest_accruals_currency: 20 条
     archive_trade: 15 条
     archive_unbundled_commission_detail: 13 条
     archive_tier_interest_detail: 12 条
     archive_slb_activity: 12 条
22:54:04 Successfully completed workers.jobs.flex_sync_job('5800d4ba-84f1-453b-9238-101462eaf139') job in 0:00:02.895202s on worker 38a53266538e458b8083f43cd46a6922
22:54:04 default: Job OK (b787463b-cb40-4a3c-9458-384c65893584)
22:54:04 Result is kept for 500 seconds
23:00:49 Worker 38a53266538e458b8083f43cd46a6922: cleaning registries for queue: default
23:08:19 default: workers.jobs.flex_sync_job('5800d4ba-84f1-453b-9238-101462eaf139') (d76094df-6ea6-4e24-9aed-1fbf17069b2f)
/Users/mc/Library/Python/3.9/lib/python/site-packages/urllib3/__init__.py:35: NotOpenSSLWarning: urllib3 v2 only supports OpenSSL 1.1.1+, currently the 'ssl' module is compiled with 'LibreSSL 2.8.3'. See: https://github.com/urllib3/urllib3/issues/3020
  warnings.warn(
📥 解析 XML: /Users/mc/kimicode/ib_dashboard/uploads/flex_sync_20260410_230839_5800d4ba.xml
   发现 22 个 FlexStatement
🔍 扫描 Schema...
   发现 27 种节点类型
🗄️  初始化 PostgreSQL 表...
📝 导入所有节点数据...

✅ 导入完成
   核心 daily_nav: 22 条
     archive_conversion_rate: 858 条
     archive_mtm_performance_summary_underlying: 734 条
     archive_security_info: 664 条
     archive_open_position: 662 条
     archive_prior_period_position: 619 条
     archive_net_stock_position: 487 条
     archive_statement_of_funds_line: 116 条
     archive_cash_report_currency: 110 条
     archive_change_in_position_value: 110 条
     archive_mtdytd_performance_summary_underlying: 92 条
     archive_interest_accruals_currency: 75 条
     archive_open_dividend_accrual: 64 条
     archive_trade: 63 条
     archive_tier_interest_detail: 57 条
     archive_slb_activity: 57 条
23:08:40 Successfully completed workers.jobs.flex_sync_job('5800d4ba-84f1-453b-9238-101462eaf139') job in 0:00:20.874192s on worker 38a53266538e458b8083f43cd46a6922
23:08:40 default: Job OK (d76094df-6ea6-4e24-9aed-1fbf17069b2f)
23:08:40 Result is kept for 500 seconds
23:10:35 default: workers.jobs.flex_sync_job('5800d4ba-84f1-453b-9238-101462eaf139') (039e63f3-160f-4933-a435-e169c94ae715)
/Users/mc/Library/Python/3.9/lib/python/site-packages/urllib3/__init__.py:35: NotOpenSSLWarning: urllib3 v2 only supports OpenSSL 1.1.1+, currently the 'ssl' module is compiled with 'LibreSSL 2.8.3'. See: https://github.com/urllib3/urllib3/issues/3020
  warnings.warn(
📥 解析 XML: /Users/mc/kimicode/ib_dashboard/uploads/flex_sync_20260410_231056_5800d4ba.xml
   发现 22 个 FlexStatement
🔍 扫描 Schema...
   发现 27 种节点类型
🗄️  初始化 PostgreSQL 表...
📝 导入所有节点数据...

✅ 导入完成
   核心 daily_nav: 22 条
     archive_conversion_rate: 858 条
     archive_mtm_performance_summary_underlying: 734 条
     archive_security_info: 664 条
     archive_open_position: 662 条
     archive_prior_period_position: 619 条
     archive_net_stock_position: 487 条
     archive_statement_of_funds_line: 116 条
     archive_cash_report_currency: 110 条
     archive_change_in_position_value: 110 条
     archive_mtdytd_performance_summary_underlying: 92 条
     archive_interest_accruals_currency: 75 条
     archive_open_dividend_accrual: 64 条
     archive_trade: 63 条
     archive_tier_interest_detail: 57 条
     archive_slb_activity: 57 条
23:10:56 Successfully completed workers.jobs.flex_sync_job('5800d4ba-84f1-453b-9238-101462eaf139') job in 0:00:21.252662s on worker 38a53266538e458b8083f43cd46a6922
23:10:56 default: Job OK (039e63f3-160f-4933-a435-e169c94ae715)
23:10:56 Result is kept for 500 seconds
23:10:56 Worker 38a53266538e458b8083f43cd46a6922: cleaning registries for queue: default
23:24:26 Worker 38a53266538e458b8083f43cd46a6922: cleaning registries for queue: default
23:37:57 Worker 38a53266538e458b8083f43cd46a6922: cleaning registries for queue: default
23:51:27 Worker 38a53266538e458b8083f43cd46a6922: cleaning registries for queue: default
00:04:57 Worker 38a53266538e458b8083f43cd46a6922: cleaning registries for queue: default
00:18:27 Worker 38a53266538e458b8083f43cd46a6922: cleaning registries for queue: default
00:31:57 Worker 38a53266538e458b8083f43cd46a6922: cleaning registries for queue: default
00:45:27 Worker 38a53266538e458b8083f43cd46a6922: cleaning registries for queue: default
00:58:57 Worker 38a53266538e458b8083f43cd46a6922: cleaning registries for queue: default
01:12:27 Worker 38a53266538e458b8083f43cd46a6922: cleaning registries for queue: default
01:25:57 Worker 38a53266538e458b8083f43cd46a6922: cleaning registries for queue: default
01:39:27 Worker 38a53266538e458b8083f43cd46a6922: cleaning registries for queue: default
01:52:57 Worker 38a53266538e458b8083f43cd46a6922: cleaning registries for queue: default
02:06:28 Worker 38a53266538e458b8083f43cd46a6922: cleaning registries for queue: default
02:19:58 Worker 38a53266538e458b8083f43cd46a6922: cleaning registries for queue: default
02:27:57 default: workers.jobs.flex_sync_job('5800d4ba-84f1-453b-9238-101462eaf139') (8330bad4-7339-4eb4-956f-199eca08b2d2)
/Users/mc/Library/Python/3.9/lib/python/site-packages/urllib3/__init__.py:35: NotOpenSSLWarning: urllib3 v2 only supports OpenSSL 1.1.1+, currently the 'ssl' module is compiled with 'LibreSSL 2.8.3'. See: https://github.com/urllib3/urllib3/issues/3020
  warnings.warn(
📥 解析 XML: /Users/mc/kimicode/ib_dashboard/uploads/flex_sync_20260411_022815_5800d4ba.xml
   发现 22 个 FlexStatement
🔍 扫描 Schema...
   发现 27 种节点类型
🗄️  初始化 PostgreSQL 表...
📝 导入所有节点数据...

✅ 导入完成
   核心 daily_nav: 22 条
     archive_conversion_rate: 858 条
     archive_mtm_performance_summary_underlying: 734 条
     archive_security_info: 664 条
     archive_open_position: 662 条
     archive_prior_period_position: 619 条
     archive_net_stock_position: 487 条
     archive_statement_of_funds_line: 116 条
     archive_cash_report_currency: 110 条
     archive_change_in_position_value: 110 条
     archive_mtdytd_performance_summary_underlying: 92 条
     archive_interest_accruals_currency: 75 条
     archive_open_dividend_accrual: 64 条
     archive_trade: 63 条
     archive_tier_interest_detail: 57 条
     archive_slb_activity: 57 条
02:28:28 Successfully completed workers.jobs.flex_sync_job('5800d4ba-84f1-453b-9238-101462eaf139') job in 0:00:31.797809s on worker 38a53266538e458b8083f43cd46a6922
02:28:28 default: Job OK (8330bad4-7339-4eb4-956f-199eca08b2d2)
02:28:28 Result is kept for 500 seconds
02:28:28 default: workers.jobs.flex_sync_job('5800d4ba-84f1-453b-9238-101462eaf139') (5824c887-f409-42a8-ab55-9c0c8df43504)
/Users/mc/Library/Python/3.9/lib/python/site-packages/urllib3/__init__.py:35: NotOpenSSLWarning: urllib3 v2 only supports OpenSSL 1.1.1+, currently the 'ssl' module is compiled with 'LibreSSL 2.8.3'. See: https://github.com/urllib3/urllib3/issues/3020
  warnings.warn(
📥 解析 XML: /Users/mc/kimicode/ib_dashboard/uploads/flex_sync_20260411_022847_5800d4ba.xml
   发现 22 个 FlexStatement
🔍 扫描 Schema...
   发现 27 种节点类型
🗄️  初始化 PostgreSQL 表...
📝 导入所有节点数据...

✅ 导入完成
   核心 daily_nav: 22 条
     archive_conversion_rate: 858 条
     archive_mtm_performance_summary_underlying: 734 条
     archive_security_info: 664 条
     archive_open_position: 662 条
     archive_prior_period_position: 619 条
     archive_net_stock_position: 487 条
     archive_statement_of_funds_line: 116 条
     archive_cash_report_currency: 110 条
     archive_change_in_position_value: 110 条
     archive_mtdytd_performance_summary_underlying: 92 条
     archive_interest_accruals_currency: 75 条
     archive_open_dividend_accrual: 64 条
     archive_trade: 63 条
     archive_tier_interest_detail: 57 条
     archive_slb_activity: 57 条
02:29:05 Successfully completed workers.jobs.flex_sync_job('5800d4ba-84f1-453b-9238-101462eaf139') job in 0:00:36.218980s on worker 38a53266538e458b8083f43cd46a6922
02:29:05 default: Job OK (5824c887-f409-42a8-ab55-9c0c8df43504)
02:29:05 Result is kept for 500 seconds
02:29:05 default: workers.jobs.flex_sync_job('5800d4ba-84f1-453b-9238-101462eaf139') (1414bbfe-0749-4814-896e-a412ceec0c2d)
/Users/mc/Library/Python/3.9/lib/python/site-packages/urllib3/__init__.py:35: NotOpenSSLWarning: urllib3 v2 only supports OpenSSL 1.1.1+, currently the 'ssl' module is compiled with 'LibreSSL 2.8.3'. See: https://github.com/urllib3/urllib3/issues/3020
  warnings.warn(
📥 解析 XML: /Users/mc/kimicode/ib_dashboard/uploads/flex_sync_20260411_023204_5800d4ba.xml
   发现 22 个 FlexStatement
🔍 扫描 Schema...
   发现 27 种节点类型
🗄️  初始化 PostgreSQL 表...
📝 导入所有节点数据...

✅ 导入完成
   核心 daily_nav: 22 条
     archive_conversion_rate: 858 条
     archive_mtm_performance_summary_underlying: 734 条
     archive_security_info: 664 条
     archive_open_position: 662 条
     archive_prior_period_position: 619 条
     archive_net_stock_position: 487 条
     archive_statement_of_funds_line: 116 条
     archive_cash_report_currency: 110 条
     archive_change_in_position_value: 110 条
     archive_mtdytd_performance_summary_underlying: 92 条
     archive_interest_accruals_currency: 75 条
     archive_open_dividend_accrual: 64 条
     archive_trade: 63 条
     archive_tier_interest_detail: 57 条
     archive_slb_activity: 57 条
02:32:22 Successfully completed workers.jobs.flex_sync_job('5800d4ba-84f1-453b-9238-101462eaf139') job in 0:03:17.260428s on worker 38a53266538e458b8083f43cd46a6922
02:32:22 default: Job OK (1414bbfe-0749-4814-896e-a412ceec0c2d)
02:32:22 Result is kept for 500 seconds
02:32:22 Worker 38a53266538e458b8083f43cd46a6922: cleaning registries for queue: default
02:32:38 default: utils.backups.create_backup() (1532b8f4-bb14-43e3-b3ea-90caefe86c5a)
02:32:38 Successfully completed utils.backups.create_backup() job in 0:00:00.007670s on worker 38a53266538e458b8083f43cd46a6922
02:32:38 default: Job OK (1532b8f4-bb14-43e3-b3ea-90caefe86c5a)
02:32:38 Result is kept for 500 seconds
02:46:08 Worker 38a53266538e458b8083f43cd46a6922: cleaning registries for queue: default
02:59:38 Worker 38a53266538e458b8083f43cd46a6922: cleaning registries for queue: default
03:13:08 Worker 38a53266538e458b8083f43cd46a6922: cleaning registries for queue: default
03:26:38 Worker 38a53266538e458b8083f43cd46a6922: cleaning registries for queue: default
03:40:08 Worker 38a53266538e458b8083f43cd46a6922: cleaning registries for queue: default
03:53:38 Worker 38a53266538e458b8083f43cd46a6922: cleaning registries for queue: default
04:07:08 Worker 38a53266538e458b8083f43cd46a6922: cleaning registries for queue: default
04:20:39 Worker 38a53266538e458b8083f43cd46a6922: cleaning registries for queue: default
04:34:09 Worker 38a53266538e458b8083f43cd46a6922: cleaning registries for queue: default
04:47:39 Worker 38a53266538e458b8083f43cd46a6922: cleaning registries for queue: default
05:01:09 Worker 38a53266538e458b8083f43cd46a6922: cleaning registries for queue: default
05:14:39 Worker 38a53266538e458b8083f43cd46a6922: cleaning registries for queue: default
05:28:09 Worker 38a53266538e458b8083f43cd46a6922: cleaning registries for queue: default
05:41:39 Worker 38a53266538e458b8083f43cd46a6922: cleaning registries for queue: default
05:55:09 Worker 38a53266538e458b8083f43cd46a6922: cleaning registries for queue: default
06:08:39 Worker 38a53266538e458b8083f43cd46a6922: cleaning registries for queue: default
06:22:09 Worker 38a53266538e458b8083f43cd46a6922: cleaning registries for queue: default
06:35:40 Worker 38a53266538e458b8083f43cd46a6922: cleaning registries for queue: default
06:49:10 Worker 38a53266538e458b8083f43cd46a6922: cleaning registries for queue: default
07:02:40 Worker 38a53266538e458b8083f43cd46a6922: cleaning registries for queue: default
07:16:10 Worker 38a53266538e458b8083f43cd46a6922: cleaning registries for queue: default
07:29:40 Worker 38a53266538e458b8083f43cd46a6922: cleaning registries for queue: default
07:43:10 Worker 38a53266538e458b8083f43cd46a6922: cleaning registries for queue: default
07:56:40 Worker 38a53266538e458b8083f43cd46a6922: cleaning registries for queue: default
08:10:10 Worker 38a53266538e458b8083f43cd46a6922: cleaning registries for queue: default
08:23:40 Worker 38a53266538e458b8083f43cd46a6922: cleaning registries for queue: default
08:37:10 Worker 38a53266538e458b8083f43cd46a6922: cleaning registries for queue: default
08:50:41 Worker 38a53266538e458b8083f43cd46a6922: cleaning registries for queue: default
09:04:11 Worker 38a53266538e458b8083f43cd46a6922: cleaning registries for queue: default
09:17:41 Worker 38a53266538e458b8083f43cd46a6922: cleaning registries for queue: default
09:31:11 Worker 38a53266538e458b8083f43cd46a6922: cleaning registries for queue: default
09:44:41 Worker 38a53266538e458b8083f43cd46a6922: cleaning registries for queue: default
09:58:11 Worker 38a53266538e458b8083f43cd46a6922: cleaning registries for queue: default
10:11:41 Worker 38a53266538e458b8083f43cd46a6922: cleaning registries for queue: default
10:25:11 Worker 38a53266538e458b8083f43cd46a6922: cleaning registries for queue: default
10:38:41 Worker 38a53266538e458b8083f43cd46a6922: cleaning registries for queue: default
10:52:12 Worker 38a53266538e458b8083f43cd46a6922: cleaning registries for queue: default
11:05:42 Worker 38a53266538e458b8083f43cd46a6922: cleaning registries for queue: default
11:19:12 Worker 38a53266538e458b8083f43cd46a6922: cleaning registries for queue: default
11:32:42 Worker 38a53266538e458b8083f43cd46a6922: cleaning registries for queue: default
11:46:12 Worker 38a53266538e458b8083f43cd46a6922: cleaning registries for queue: default
11:59:42 Worker 38a53266538e458b8083f43cd46a6922: cleaning registries for queue: default
12:13:12 Worker 38a53266538e458b8083f43cd46a6922: cleaning registries for queue: default
12:26:43 Worker 38a53266538e458b8083f43cd46a6922: cleaning registries for queue: default
12:40:13 Worker 38a53266538e458b8083f43cd46a6922: cleaning registries for queue: default
12:53:43 Worker 38a53266538e458b8083f43cd46a6922: cleaning registries for queue: default
13:07:13 Worker 38a53266538e458b8083f43cd46a6922: cleaning registries for queue: default
13:20:43 Worker 38a53266538e458b8083f43cd46a6922: cleaning registries for queue: default
13:34:13 Worker 38a53266538e458b8083f43cd46a6922: cleaning registries for queue: default
13:47:43 Worker 38a53266538e458b8083f43cd46a6922: cleaning registries for queue: default
14:01:14 Worker 38a53266538e458b8083f43cd46a6922: cleaning registries for queue: default
14:14:44 Worker 38a53266538e458b8083f43cd46a6922: cleaning registries for queue: default
14:28:14 Worker 38a53266538e458b8083f43cd46a6922: cleaning registries for queue: default
14:41:44 Worker 38a53266538e458b8083f43cd46a6922: cleaning registries for queue: default
14:55:14 Worker 38a53266538e458b8083f43cd46a6922: cleaning registries for queue: default
15:08:44 Worker 38a53266538e458b8083f43cd46a6922: cleaning registries for queue: default
15:22:14 Worker 38a53266538e458b8083f43cd46a6922: cleaning registries for queue: default
15:35:44 Worker 38a53266538e458b8083f43cd46a6922: cleaning registries for queue: default
15:49:14 Worker 38a53266538e458b8083f43cd46a6922: cleaning registries for queue: default
16:02:45 Worker 38a53266538e458b8083f43cd46a6922: cleaning registries for queue: default
16:16:15 Worker 38a53266538e458b8083f43cd46a6922: cleaning registries for queue: default
16:29:45 Worker 38a53266538e458b8083f43cd46a6922: cleaning registries for queue: default
16:43:15 Worker 38a53266538e458b8083f43cd46a6922: cleaning registries for queue: default
16:56:45 Worker 38a53266538e458b8083f43cd46a6922: cleaning registries for queue: default
17:10:15 Worker 38a53266538e458b8083f43cd46a6922: cleaning registries for queue: default
17:23:45 Worker 38a53266538e458b8083f43cd46a6922: cleaning registries for queue: default
17:37:16 Worker 38a53266538e458b8083f43cd46a6922: cleaning registries for queue: default
17:50:46 Worker 38a53266538e458b8083f43cd46a6922: cleaning registries for queue: default
18:04:16 Worker 38a53266538e458b8083f43cd46a6922: cleaning registries for queue: default
18:17:46 Worker 38a53266538e458b8083f43cd46a6922: cleaning registries for queue: default
18:31:16 Worker 38a53266538e458b8083f43cd46a6922: cleaning registries for queue: default
18:44:46 Worker 38a53266538e458b8083f43cd46a6922: cleaning registries for queue: default
18:58:16 Worker 38a53266538e458b8083f43cd46a6922: cleaning registries for queue: default
19:11:46 Worker 38a53266538e458b8083f43cd46a6922: cleaning registries for queue: default
19:25:17 Worker 38a53266538e458b8083f43cd46a6922: cleaning registries for queue: default
19:38:47 Worker 38a53266538e458b8083f43cd46a6922: cleaning registries for queue: default
19:52:17 Worker 38a53266538e458b8083f43cd46a6922: cleaning registries for queue: default
20:05:47 Worker 38a53266538e458b8083f43cd46a6922: cleaning registries for queue: default
20:19:17 Worker 38a53266538e458b8083f43cd46a6922: cleaning registries for queue: default
20:32:47 Worker 38a53266538e458b8083f43cd46a6922: cleaning registries for queue: default
20:46:17 Worker 38a53266538e458b8083f43cd46a6922: cleaning registries for queue: default
20:59:47 Worker 38a53266538e458b8083f43cd46a6922: cleaning registries for queue: default
21:13:17 Worker 38a53266538e458b8083f43cd46a6922: cleaning registries for queue: default
21:26:48 Worker 38a53266538e458b8083f43cd46a6922: cleaning registries for queue: default
21:40:18 Worker 38a53266538e458b8083f43cd46a6922: cleaning registries for queue: default
21:53:48 Worker 38a53266538e458b8083f43cd46a6922: cleaning registries for queue: default
22:07:18 Worker 38a53266538e458b8083f43cd46a6922: cleaning registries for queue: default
22:20:48 Worker 38a53266538e458b8083f43cd46a6922: cleaning registries for queue: default
22:34:18 Worker 38a53266538e458b8083f43cd46a6922: cleaning registries for queue: default
22:47:48 Worker 38a53266538e458b8083f43cd46a6922: cleaning registries for queue: default
23:01:18 Worker 38a53266538e458b8083f43cd46a6922: cleaning registries for queue: default
23:14:49 Worker 38a53266538e458b8083f43cd46a6922: cleaning registries for queue: default
23:28:19 Worker 38a53266538e458b8083f43cd46a6922: cleaning registries for queue: default
23:41:49 Worker 38a53266538e458b8083f43cd46a6922: cleaning registries for queue: default
23:55:19 Worker 38a53266538e458b8083f43cd46a6922: cleaning registries for queue: default
00:08:49 Worker 38a53266538e458b8083f43cd46a6922: cleaning registries for queue: default
00:22:19 Worker 38a53266538e458b8083f43cd46a6922: cleaning registries for queue: default
00:35:49 Worker 38a53266538e458b8083f43cd46a6922: cleaning registries for queue: default
00:49:19 Worker 38a53266538e458b8083f43cd46a6922: cleaning registries for queue: default
01:02:49 Worker 38a53266538e458b8083f43cd46a6922: cleaning registries for queue: default
01:16:19 Worker 38a53266538e458b8083f43cd46a6922: cleaning registries for queue: default
01:29:50 Worker 38a53266538e458b8083f43cd46a6922: cleaning registries for queue: default
01:43:20 Worker 38a53266538e458b8083f43cd46a6922: cleaning registries for queue: default
01:56:50 Worker 38a53266538e458b8083f43cd46a6922: cleaning registries for queue: default
02:10:20 Worker 38a53266538e458b8083f43cd46a6922: cleaning registries for queue: default
02:23:50 Worker 38a53266538e458b8083f43cd46a6922: cleaning registries for queue: default
02:37:20 Worker 38a53266538e458b8083f43cd46a6922: cleaning registries for queue: default
02:50:50 Worker 38a53266538e458b8083f43cd46a6922: cleaning registries for queue: default
03:04:20 Worker 38a53266538e458b8083f43cd46a6922: cleaning registries for queue: default
03:17:50 Worker 38a53266538e458b8083f43cd46a6922: cleaning registries for queue: default
03:31:20 Worker 38a53266538e458b8083f43cd46a6922: cleaning registries for queue: default
03:44:50 Worker 38a53266538e458b8083f43cd46a6922: cleaning registries for queue: default
03:58:20 Worker 38a53266538e458b8083f43cd46a6922: cleaning registries for queue: default
04:11:51 Worker 38a53266538e458b8083f43cd46a6922: cleaning registries for queue: default
04:25:21 Worker 38a53266538e458b8083f43cd46a6922: cleaning registries for queue: default
04:38:51 Worker 38a53266538e458b8083f43cd46a6922: cleaning registries for queue: default
04:52:21 Worker 38a53266538e458b8083f43cd46a6922: cleaning registries for queue: default
05:05:51 Worker 38a53266538e458b8083f43cd46a6922: cleaning registries for queue: default
05:19:21 Worker 38a53266538e458b8083f43cd46a6922: cleaning registries for queue: default
05:32:51 Worker 38a53266538e458b8083f43cd46a6922: cleaning registries for queue: default
05:46:21 Worker 38a53266538e458b8083f43cd46a6922: cleaning registries for queue: default
05:59:51 Worker 38a53266538e458b8083f43cd46a6922: cleaning registries for queue: default
06:13:22 Worker 38a53266538e458b8083f43cd46a6922: cleaning registries for queue: default
06:26:52 Worker 38a53266538e458b8083f43cd46a6922: cleaning registries for queue: default
06:40:22 Worker 38a53266538e458b8083f43cd46a6922: cleaning registries for queue: default
06:53:52 Worker 38a53266538e458b8083f43cd46a6922: cleaning registries for queue: default
07:07:22 Worker 38a53266538e458b8083f43cd46a6922: cleaning registries for queue: default
07:20:52 Worker 38a53266538e458b8083f43cd46a6922: cleaning registries for queue: default
07:34:22 Worker 38a53266538e458b8083f43cd46a6922: cleaning registries for queue: default
07:47:52 Worker 38a53266538e458b8083f43cd46a6922: cleaning registries for queue: default
08:01:22 Worker 38a53266538e458b8083f43cd46a6922: cleaning registries for queue: default
08:14:52 Worker 38a53266538e458b8083f43cd46a6922: cleaning registries for queue: default
08:28:22 Worker 38a53266538e458b8083f43cd46a6922: cleaning registries for queue: default
08:41:52 Worker 38a53266538e458b8083f43cd46a6922: cleaning registries for queue: default
08:55:23 Worker 38a53266538e458b8083f43cd46a6922: cleaning registries for queue: default
09:08:53 Worker 38a53266538e458b8083f43cd46a6922: cleaning registries for queue: default
09:22:23 Worker 38a53266538e458b8083f43cd46a6922: cleaning registries for queue: default
09:35:53 Worker 38a53266538e458b8083f43cd46a6922: cleaning registries for queue: default
09:49:23 Worker 38a53266538e458b8083f43cd46a6922: cleaning registries for queue: default
10:02:53 Worker 38a53266538e458b8083f43cd46a6922: cleaning registries for queue: default
10:16:23 Worker 38a53266538e458b8083f43cd46a6922: cleaning registries for queue: default
10:29:54 Worker 38a53266538e458b8083f43cd46a6922: cleaning registries for queue: default
10:43:24 Worker 38a53266538e458b8083f43cd46a6922: cleaning registries for queue: default
10:56:54 Worker 38a53266538e458b8083f43cd46a6922: cleaning registries for queue: default
11:10:24 Worker 38a53266538e458b8083f43cd46a6922: cleaning registries for queue: default
11:23:54 Worker 38a53266538e458b8083f43cd46a6922: cleaning registries for queue: default
11:37:24 Worker 38a53266538e458b8083f43cd46a6922: cleaning registries for queue: default
11:50:54 Worker 38a53266538e458b8083f43cd46a6922: cleaning registries for queue: default
12:04:24 Worker 38a53266538e458b8083f43cd46a6922: cleaning registries for queue: default
12:17:54 Worker 38a53266538e458b8083f43cd46a6922: cleaning registries for queue: default
12:31:25 Worker 38a53266538e458b8083f43cd46a6922: cleaning registries for queue: default
12:44:55 Worker 38a53266538e458b8083f43cd46a6922: cleaning registries for queue: default
12:58:25 Worker 38a53266538e458b8083f43cd46a6922: cleaning registries for queue: default
13:11:55 Worker 38a53266538e458b8083f43cd46a6922: cleaning registries for queue: default
13:25:25 Worker 38a53266538e458b8083f43cd46a6922: cleaning registries for queue: default
13:38:55 Worker 38a53266538e458b8083f43cd46a6922: cleaning registries for queue: default
13:52:25 Worker 38a53266538e458b8083f43cd46a6922: cleaning registries for queue: default
14:05:55 Worker 38a53266538e458b8083f43cd46a6922: cleaning registries for queue: default
14:19:25 Worker 38a53266538e458b8083f43cd46a6922: cleaning registries for queue: default
14:32:55 Worker 38a53266538e458b8083f43cd46a6922: cleaning registries for queue: default
14:46:26 Worker 38a53266538e458b8083f43cd46a6922: cleaning registries for queue: default
14:59:56 Worker 38a53266538e458b8083f43cd46a6922: cleaning registries for queue: default
15:13:26 Worker 38a53266538e458b8083f43cd46a6922: cleaning registries for queue: default
15:26:56 Worker 38a53266538e458b8083f43cd46a6922: cleaning registries for queue: default
15:40:26 Worker 38a53266538e458b8083f43cd46a6922: cleaning registries for queue: default
15:53:56 Worker 38a53266538e458b8083f43cd46a6922: cleaning registries for queue: default
16:07:26 Worker 38a53266538e458b8083f43cd46a6922: cleaning registries for queue: default
16:20:56 Worker 38a53266538e458b8083f43cd46a6922: cleaning registries for queue: default
16:34:26 Worker 38a53266538e458b8083f43cd46a6922: cleaning registries for queue: default
16:47:56 Worker 38a53266538e458b8083f43cd46a6922: cleaning registries for queue: default
17:01:27 Worker 38a53266538e458b8083f43cd46a6922: cleaning registries for queue: default
17:14:57 Worker 38a53266538e458b8083f43cd46a6922: cleaning registries for queue: default
17:28:27 Worker 38a53266538e458b8083f43cd46a6922: cleaning registries for queue: default
17:41:57 Worker 38a53266538e458b8083f43cd46a6922: cleaning registries for queue: default
17:55:27 Worker 38a53266538e458b8083f43cd46a6922: cleaning registries for queue: default
18:08:57 Worker 38a53266538e458b8083f43cd46a6922: cleaning registries for queue: default
18:22:27 Worker 38a53266538e458b8083f43cd46a6922: cleaning registries for queue: default
18:35:57 Worker 38a53266538e458b8083f43cd46a6922: cleaning registries for queue: default
18:49:27 Worker 38a53266538e458b8083f43cd46a6922: cleaning registries for queue: default
19:02:57 Worker 38a53266538e458b8083f43cd46a6922: cleaning registries for queue: default
19:16:27 Worker 38a53266538e458b8083f43cd46a6922: cleaning registries for queue: default
19:29:57 Worker 38a53266538e458b8083f43cd46a6922: cleaning registries for queue: default
19:43:28 Worker 38a53266538e458b8083f43cd46a6922: cleaning registries for queue: default
19:56:58 Worker 38a53266538e458b8083f43cd46a6922: cleaning registries for queue: default
20:10:28 Worker 38a53266538e458b8083f43cd46a6922: cleaning registries for queue: default
20:23:58 Worker 38a53266538e458b8083f43cd46a6922: cleaning registries for queue: default
20:37:28 Worker 38a53266538e458b8083f43cd46a6922: cleaning registries for queue: default
20:50:58 Worker 38a53266538e458b8083f43cd46a6922: cleaning registries for queue: default
21:04:28 Worker 38a53266538e458b8083f43cd46a6922: cleaning registries for queue: default
21:17:58 Worker 38a53266538e458b8083f43cd46a6922: cleaning registries for queue: default
21:31:28 Worker 38a53266538e458b8083f43cd46a6922: cleaning registries for queue: default
21:44:59 Worker 38a53266538e458b8083f43cd46a6922: cleaning registries for queue: default
21:58:29 Worker 38a53266538e458b8083f43cd46a6922: cleaning registries for queue: default
22:11:59 Worker 38a53266538e458b8083f43cd46a6922: cleaning registries for queue: default
22:25:29 Worker 38a53266538e458b8083f43cd46a6922: cleaning registries for queue: default
22:38:59 Worker 38a53266538e458b8083f43cd46a6922: cleaning registries for queue: default
22:52:29 Worker 38a53266538e458b8083f43cd46a6922: cleaning registries for queue: default
23:05:59 Worker 38a53266538e458b8083f43cd46a6922: cleaning registries for queue: default
23:19:29 Worker 38a53266538e458b8083f43cd46a6922: cleaning registries for queue: default
23:32:59 Worker 38a53266538e458b8083f43cd46a6922: cleaning registries for queue: default
23:46:29 Worker 38a53266538e458b8083f43cd46a6922: cleaning registries for queue: default
00:00:00 Worker 38a53266538e458b8083f43cd46a6922: cleaning registries for queue: default
00:13:30 Worker 38a53266538e458b8083f43cd46a6922: cleaning registries for queue: default
00:27:00 Worker 38a53266538e458b8083f43cd46a6922: cleaning registries for queue: default
00:40:30 Worker 38a53266538e458b8083f43cd46a6922: cleaning registries for queue: default
00:54:00 Worker 38a53266538e458b8083f43cd46a6922: cleaning registries for queue: default
01:07:30 Worker 38a53266538e458b8083f43cd46a6922: cleaning registries for queue: default
01:21:00 Worker 38a53266538e458b8083f43cd46a6922: cleaning registries for queue: default
01:34:30 Worker 38a53266538e458b8083f43cd46a6922: cleaning registries for queue: default
01:48:01 Worker 38a53266538e458b8083f43cd46a6922: cleaning registries for queue: default
02:01:31 Worker 38a53266538e458b8083f43cd46a6922: cleaning registries for queue: default
02:15:01 Worker 38a53266538e458b8083f43cd46a6922: cleaning registries for queue: default
02:28:31 Worker 38a53266538e458b8083f43cd46a6922: cleaning registries for queue: default
02:42:01 Worker 38a53266538e458b8083f43cd46a6922: cleaning registries for queue: default
02:55:31 Worker 38a53266538e458b8083f43cd46a6922: cleaning registries for queue: default
03:09:01 Worker 38a53266538e458b8083f43cd46a6922: cleaning registries for queue: default
03:22:31 Worker 38a53266538e458b8083f43cd46a6922: cleaning registries for queue: default
03:36:02 Worker 38a53266538e458b8083f43cd46a6922: cleaning registries for queue: default
03:49:32 Worker 38a53266538e458b8083f43cd46a6922: cleaning registries for queue: default
04:03:02 Worker 38a53266538e458b8083f43cd46a6922: cleaning registries for queue: default
04:16:32 Worker 38a53266538e458b8083f43cd46a6922: cleaning registries for queue: default
04:30:02 Worker 38a53266538e458b8083f43cd46a6922: cleaning registries for queue: default
04:43:32 Worker 38a53266538e458b8083f43cd46a6922: cleaning registries for queue: default
04:57:02 Worker 38a53266538e458b8083f43cd46a6922: cleaning registries for queue: default
05:10:32 Worker 38a53266538e458b8083f43cd46a6922: cleaning registries for queue: default
05:24:03 Worker 38a53266538e458b8083f43cd46a6922: cleaning registries for queue: default
05:37:33 Worker 38a53266538e458b8083f43cd46a6922: cleaning registries for queue: default
05:51:03 Worker 38a53266538e458b8083f43cd46a6922: cleaning registries for queue: default
06:04:33 Worker 38a53266538e458b8083f43cd46a6922: cleaning registries for queue: default
06:18:03 Worker 38a53266538e458b8083f43cd46a6922: cleaning registries for queue: default
06:31:33 Worker 38a53266538e458b8083f43cd46a6922: cleaning registries for queue: default
06:45:03 Worker 38a53266538e458b8083f43cd46a6922: cleaning registries for queue: default
06:58:33 Worker 38a53266538e458b8083f43cd46a6922: cleaning registries for queue: default
07:12:03 Worker 38a53266538e458b8083f43cd46a6922: cleaning registries for queue: default
07:25:33 Worker 38a53266538e458b8083f43cd46a6922: cleaning registries for queue: default
07:39:04 Worker 38a53266538e458b8083f43cd46a6922: cleaning registries for queue: default
07:52:34 Worker 38a53266538e458b8083f43cd46a6922: cleaning registries for queue: default
08:06:04 Worker 38a53266538e458b8083f43cd46a6922: cleaning registries for queue: default
08:19:34 Worker 38a53266538e458b8083f43cd46a6922: cleaning registries for queue: default
08:33:04 Worker 38a53266538e458b8083f43cd46a6922: cleaning registries for queue: default
08:46:34 Worker 38a53266538e458b8083f43cd46a6922: cleaning registries for queue: default
09:00:04 Worker 38a53266538e458b8083f43cd46a6922: cleaning registries for queue: default
09:13:34 Worker 38a53266538e458b8083f43cd46a6922: cleaning registries for queue: default
09:27:05 Worker 38a53266538e458b8083f43cd46a6922: cleaning registries for queue: default
09:40:35 Worker 38a53266538e458b8083f43cd46a6922: cleaning registries for queue: default
09:54:05 Worker 38a53266538e458b8083f43cd46a6922: cleaning registries for queue: default
10:07:35 Worker 38a53266538e458b8083f43cd46a6922: cleaning registries for queue: default
10:21:05 Worker 38a53266538e458b8083f43cd46a6922: cleaning registries for queue: default
10:34:35 Worker 38a53266538e458b8083f43cd46a6922: cleaning registries for queue: default
10:48:05 Worker 38a53266538e458b8083f43cd46a6922: cleaning registries for queue: default
11:01:35 Worker 38a53266538e458b8083f43cd46a6922: cleaning registries for queue: default
11:15:05 Worker 38a53266538e458b8083f43cd46a6922: cleaning registries for queue: default
11:28:35 Worker 38a53266538e458b8083f43cd46a6922: cleaning registries for queue: default
11:42:06 Worker 38a53266538e458b8083f43cd46a6922: cleaning registries for queue: default
11:55:36 Worker 38a53266538e458b8083f43cd46a6922: cleaning registries for queue: default
12:09:06 Worker 38a53266538e458b8083f43cd46a6922: cleaning registries for queue: default
12:22:36 Worker 38a53266538e458b8083f43cd46a6922: cleaning registries for queue: default
12:36:06 Worker 38a53266538e458b8083f43cd46a6922: cleaning registries for queue: default
12:49:36 Worker 38a53266538e458b8083f43cd46a6922: cleaning registries for queue: default
13:03:06 Worker 38a53266538e458b8083f43cd46a6922: cleaning registries for queue: default
13:16:36 Worker 38a53266538e458b8083f43cd46a6922: cleaning registries for queue: default
13:30:07 Worker 38a53266538e458b8083f43cd46a6922: cleaning registries for queue: default
13:43:37 Worker 38a53266538e458b8083f43cd46a6922: cleaning registries for queue: default
13:57:07 Worker 38a53266538e458b8083f43cd46a6922: cleaning registries for queue: default
14:10:37 Worker 38a53266538e458b8083f43cd46a6922: cleaning registries for queue: default
14:24:07 Worker 38a53266538e458b8083f43cd46a6922: cleaning registries for queue: default
14:37:37 Worker 38a53266538e458b8083f43cd46a6922: cleaning registries for queue: default
14:51:07 Worker 38a53266538e458b8083f43cd46a6922: cleaning registries for queue: default
15:04:37 Worker 38a53266538e458b8083f43cd46a6922: cleaning registries for queue: default
15:18:07 Worker 38a53266538e458b8083f43cd46a6922: cleaning registries for queue: default
15:31:37 Worker 38a53266538e458b8083f43cd46a6922: cleaning registries for queue: default
15:45:08 Worker 38a53266538e458b8083f43cd46a6922: cleaning registries for queue: default
15:58:38 Worker 38a53266538e458b8083f43cd46a6922: cleaning registries for queue: default
16:12:08 Worker 38a53266538e458b8083f43cd46a6922: cleaning registries for queue: default
16:25:38 Worker 38a53266538e458b8083f43cd46a6922: cleaning registries for queue: default
16:39:08 Worker 38a53266538e458b8083f43cd46a6922: cleaning registries for queue: default
16:52:38 Worker 38a53266538e458b8083f43cd46a6922: cleaning registries for queue: default
17:06:08 Worker 38a53266538e458b8083f43cd46a6922: cleaning registries for queue: default
17:19:38 Worker 38a53266538e458b8083f43cd46a6922: cleaning registries for queue: default
17:33:08 Worker 38a53266538e458b8083f43cd46a6922: cleaning registries for queue: default
17:46:38 Worker 38a53266538e458b8083f43cd46a6922: cleaning registries for queue: default
18:00:09 Worker 38a53266538e458b8083f43cd46a6922: cleaning registries for queue: default
18:13:39 Worker 38a53266538e458b8083f43cd46a6922: cleaning registries for queue: default
18:27:09 Worker 38a53266538e458b8083f43cd46a6922: cleaning registries for queue: default
18:40:39 Worker 38a53266538e458b8083f43cd46a6922: cleaning registries for queue: default
18:54:09 Worker 38a53266538e458b8083f43cd46a6922: cleaning registries for queue: default
19:07:39 Worker 38a53266538e458b8083f43cd46a6922: cleaning registries for queue: default
19:21:09 Worker 38a53266538e458b8083f43cd46a6922: cleaning registries for queue: default
19:34:39 Worker 38a53266538e458b8083f43cd46a6922: cleaning registries for queue: default
19:48:09 Worker 38a53266538e458b8083f43cd46a6922: cleaning registries for queue: default
20:01:40 Worker 38a53266538e458b8083f43cd46a6922: cleaning registries for queue: default
20:15:10 Worker 38a53266538e458b8083f43cd46a6922: cleaning registries for queue: default
20:28:40 Worker 38a53266538e458b8083f43cd46a6922: cleaning registries for queue: default
20:42:10 Worker 38a53266538e458b8083f43cd46a6922: cleaning registries for queue: default
20:55:40 Worker 38a53266538e458b8083f43cd46a6922: cleaning registries for queue: default
21:09:10 Worker 38a53266538e458b8083f43cd46a6922: cleaning registries for queue: default
21:22:40 Worker 38a53266538e458b8083f43cd46a6922: cleaning registries for queue: default
21:36:10 Worker 38a53266538e458b8083f43cd46a6922: cleaning registries for queue: default
21:49:40 Worker 38a53266538e458b8083f43cd46a6922: cleaning registries for queue: default
22:03:10 Worker 38a53266538e458b8083f43cd46a6922: cleaning registries for queue: default
22:16:41 Worker 38a53266538e458b8083f43cd46a6922: cleaning registries for queue: default
22:30:11 Worker 38a53266538e458b8083f43cd46a6922: cleaning registries for queue: default
22:43:41 Worker 38a53266538e458b8083f43cd46a6922: cleaning registries for queue: default
22:57:11 Worker 38a53266538e458b8083f43cd46a6922: cleaning registries for queue: default
23:10:41 Worker 38a53266538e458b8083f43cd46a6922: cleaning registries for queue: default
23:24:11 Worker 38a53266538e458b8083f43cd46a6922: cleaning registries for queue: default
23:37:41 Worker 38a53266538e458b8083f43cd46a6922: cleaning registries for queue: default
23:51:11 Worker 38a53266538e458b8083f43cd46a6922: cleaning registries for queue: default
00:04:41 Worker 38a53266538e458b8083f43cd46a6922: cleaning registries for queue: default
00:18:12 Worker 38a53266538e458b8083f43cd46a6922: cleaning registries for queue: default
00:31:42 Worker 38a53266538e458b8083f43cd46a6922: cleaning registries for queue: default
00:45:12 Worker 38a53266538e458b8083f43cd46a6922: cleaning registries for queue: default
00:58:42 Worker 38a53266538e458b8083f43cd46a6922: cleaning registries for queue: default
01:12:12 Worker 38a53266538e458b8083f43cd46a6922: cleaning registries for queue: default
01:25:42 Worker 38a53266538e458b8083f43cd46a6922: cleaning registries for queue: default
01:39:12 Worker 38a53266538e458b8083f43cd46a6922: cleaning registries for queue: default
01:52:42 Worker 38a53266538e458b8083f43cd46a6922: cleaning registries for queue: default
02:06:13 Worker 38a53266538e458b8083f43cd46a6922: cleaning registries for queue: default
02:19:43 Worker 38a53266538e458b8083f43cd46a6922: cleaning registries for queue: default
02:33:13 Worker 38a53266538e458b8083f43cd46a6922: cleaning registries for queue: default
02:46:43 Worker 38a53266538e458b8083f43cd46a6922: cleaning registries for queue: default
03:00:13 Worker 38a53266538e458b8083f43cd46a6922: cleaning registries for queue: default
03:13:43 Worker 38a53266538e458b8083f43cd46a6922: cleaning registries for queue: default
03:27:13 Worker 38a53266538e458b8083f43cd46a6922: cleaning registries for queue: default
03:40:43 Worker 38a53266538e458b8083f43cd46a6922: cleaning registries for queue: default
03:54:14 Worker 38a53266538e458b8083f43cd46a6922: cleaning registries for queue: default
04:07:44 Worker 38a53266538e458b8083f43cd46a6922: cleaning registries for queue: default
04:21:14 Worker 38a53266538e458b8083f43cd46a6922: cleaning registries for queue: default
04:34:44 Worker 38a53266538e458b8083f43cd46a6922: cleaning registries for queue: default
04:48:14 Worker 38a53266538e458b8083f43cd46a6922: cleaning registries for queue: default
05:01:44 Worker 38a53266538e458b8083f43cd46a6922: cleaning registries for queue: default
05:15:14 Worker 38a53266538e458b8083f43cd46a6922: cleaning registries for queue: default
05:28:44 Worker 38a53266538e458b8083f43cd46a6922: cleaning registries for queue: default
05:42:15 Worker 38a53266538e458b8083f43cd46a6922: cleaning registries for queue: default
05:55:45 Worker 38a53266538e458b8083f43cd46a6922: cleaning registries for queue: default
06:09:15 Worker 38a53266538e458b8083f43cd46a6922: cleaning registries for queue: default
06:22:45 Worker 38a53266538e458b8083f43cd46a6922: cleaning registries for queue: default
06:36:15 Worker 38a53266538e458b8083f43cd46a6922: cleaning registries for queue: default
06:49:45 Worker 38a53266538e458b8083f43cd46a6922: cleaning registries for queue: default
07:03:15 Worker 38a53266538e458b8083f43cd46a6922: cleaning registries for queue: default
07:16:45 Worker 38a53266538e458b8083f43cd46a6922: cleaning registries for queue: default
07:30:16 Worker 38a53266538e458b8083f43cd46a6922: cleaning registries for queue: default
07:43:46 Worker 38a53266538e458b8083f43cd46a6922: cleaning registries for queue: default
07:57:16 Worker 38a53266538e458b8083f43cd46a6922: cleaning registries for queue: default
08:10:46 Worker 38a53266538e458b8083f43cd46a6922: cleaning registries for queue: default
08:24:16 Worker 38a53266538e458b8083f43cd46a6922: cleaning registries for queue: default
08:37:46 Worker 38a53266538e458b8083f43cd46a6922: cleaning registries for queue: default
08:51:16 Worker 38a53266538e458b8083f43cd46a6922: cleaning registries for queue: default
09:04:46 Worker 38a53266538e458b8083f43cd46a6922: cleaning registries for queue: default
09:18:16 Worker 38a53266538e458b8083f43cd46a6922: cleaning registries for queue: default
09:31:47 Worker 38a53266538e458b8083f43cd46a6922: cleaning registries for queue: default
09:45:17 Worker 38a53266538e458b8083f43cd46a6922: cleaning registries for queue: default
09:58:47 Worker 38a53266538e458b8083f43cd46a6922: cleaning registries for queue: default
10:12:17 Worker 38a53266538e458b8083f43cd46a6922: cleaning registries for queue: default
10:25:47 Worker 38a53266538e458b8083f43cd46a6922: cleaning registries for queue: default
10:39:17 Worker 38a53266538e458b8083f43cd46a6922: cleaning registries for queue: default
10:52:47 Worker 38a53266538e458b8083f43cd46a6922: cleaning registries for queue: default
11:06:17 Worker 38a53266538e458b8083f43cd46a6922: cleaning registries for queue: default
11:19:48 Worker 38a53266538e458b8083f43cd46a6922: cleaning registries for queue: default
11:33:18 Worker 38a53266538e458b8083f43cd46a6922: cleaning registries for queue: default
11:46:48 Worker 38a53266538e458b8083f43cd46a6922: cleaning registries for queue: default
12:00:18 Worker 38a53266538e458b8083f43cd46a6922: cleaning registries for queue: default
12:13:48 Worker 38a53266538e458b8083f43cd46a6922: cleaning registries for queue: default
12:27:18 Worker 38a53266538e458b8083f43cd46a6922: cleaning registries for queue: default
12:40:48 Worker 38a53266538e458b8083f43cd46a6922: cleaning registries for queue: default
12:54:18 Worker 38a53266538e458b8083f43cd46a6922: cleaning registries for queue: default
13:07:48 Worker 38a53266538e458b8083f43cd46a6922: cleaning registries for queue: default
13:21:19 Worker 38a53266538e458b8083f43cd46a6922: cleaning registries for queue: default
13:34:49 Worker 38a53266538e458b8083f43cd46a6922: cleaning registries for queue: default
13:48:19 Worker 38a53266538e458b8083f43cd46a6922: cleaning registries for queue: default
14:01:49 Worker 38a53266538e458b8083f43cd46a6922: cleaning registries for queue: default
14:15:19 Worker 38a53266538e458b8083f43cd46a6922: cleaning registries for queue: default
14:28:49 Worker 38a53266538e458b8083f43cd46a6922: cleaning registries for queue: default
14:42:19 Worker 38a53266538e458b8083f43cd46a6922: cleaning registries for queue: default
14:55:49 Worker 38a53266538e458b8083f43cd46a6922: cleaning registries for queue: default
15:09:19 Worker 38a53266538e458b8083f43cd46a6922: cleaning registries for queue: default
15:22:50 Worker 38a53266538e458b8083f43cd46a6922: cleaning registries for queue: default
15:36:20 Worker 38a53266538e458b8083f43cd46a6922: cleaning registries for queue: default
15:49:50 Worker 38a53266538e458b8083f43cd46a6922: cleaning registries for queue: default
16:03:20 Worker 38a53266538e458b8083f43cd46a6922: cleaning registries for queue: default
16:16:50 Worker 38a53266538e458b8083f43cd46a6922: cleaning registries for queue: default
16:30:20 Worker 38a53266538e458b8083f43cd46a6922: cleaning registries for queue: default
16:43:50 Worker 38a53266538e458b8083f43cd46a6922: cleaning registries for queue: default
16:57:20 Worker 38a53266538e458b8083f43cd46a6922: cleaning registries for queue: default
17:10:50 Worker 38a53266538e458b8083f43cd46a6922: cleaning registries for queue: default
17:24:21 Worker 38a53266538e458b8083f43cd46a6922: cleaning registries for queue: default
17:37:51 Worker 38a53266538e458b8083f43cd46a6922: cleaning registries for queue: default
17:51:21 Worker 38a53266538e458b8083f43cd46a6922: cleaning registries for queue: default
18:04:51 Worker 38a53266538e458b8083f43cd46a6922: cleaning registries for queue: default
18:18:21 Worker 38a53266538e458b8083f43cd46a6922: cleaning registries for queue: default
18:31:51 Worker 38a53266538e458b8083f43cd46a6922: cleaning registries for queue: default
18:45:21 Worker 38a53266538e458b8083f43cd46a6922: cleaning registries for queue: default
18:58:52 Worker 38a53266538e458b8083f43cd46a6922: cleaning registries for queue: default
19:12:22 Worker 38a53266538e458b8083f43cd46a6922: cleaning registries for queue: default
19:25:52 Worker 38a53266538e458b8083f43cd46a6922: cleaning registries for queue: default
19:39:22 Worker 38a53266538e458b8083f43cd46a6922: cleaning registries for queue: default
19:52:52 Worker 38a53266538e458b8083f43cd46a6922: cleaning registries for queue: default
20:06:22 Worker 38a53266538e458b8083f43cd46a6922: cleaning registries for queue: default
20:19:52 Worker 38a53266538e458b8083f43cd46a6922: cleaning registries for queue: default
